2024-04-30T10:00:19.022+09:00  INFO 12392 --- [nrs] [main] com.example.nrs.NrsApplication           : Starting NrsApplication using Java 17.0.10 with PID 12392 (C:\Users\qudrn\Documents\workspace-spring-tool-suite-4-4.22.0.RELEASE\nrs\bin\main started by qudrn in C:\Users\qudrn\Documents\workspace-spring-tool-suite-4-4.22.0.RELEASE\nrs)
2024-04-30T10:00:19.023+09:00  INFO 12392 --- [nrs] [main] com.example.nrs.NrsApplication           : No active profile set, falling back to 1 default profile: "default"
2024-04-30T10:00:19.695+09:00  INFO 12392 --- [nrs] [main] o.s.b.w.embedded.tomcat.TomcatWebServer  : Tomcat initialized with port 8080 (http)
2024-04-30T10:00:19.703+09:00  INFO 12392 --- [nrs] [main] o.apache.catalina.core.StandardService   : Starting service [Tomcat]
2024-04-30T10:00:19.704+09:00  INFO 12392 --- [nrs] [main] o.apache.catalina.core.StandardEngine    : Starting Servlet engine: [Apache Tomcat/10.1.20]
2024-04-30T10:00:19.857+09:00  INFO 12392 --- [nrs] [main] org.apache.jasper.servlet.TldScanner     : At least one JAR was scanned for TLDs yet contained no TLDs. Enable debug logging for this logger for a complete list of JARs that were scanned but no TLDs were found in them. Skipping unneeded JARs during scanning can improve startup time and JSP compilation time.
2024-04-30T10:00:19.863+09:00  INFO 12392 --- [nrs] [main] o.a.c.c.C.[Tomcat].[localhost].[/]       : Initializing Spring embedded WebApplicationContext
2024-04-30T10:00:19.864+09:00  INFO 12392 --- [nrs] [main] w.s.c.ServletWebServerApplicationContext : Root WebApplicationContext: initialization completed in 811 ms
2024-04-30T10:00:19.915+09:00  INFO 12392 --- [nrs] [main] com.zaxxer.hikari.HikariDataSource       : HikariPool-1 - Starting...
2024-04-30T10:00:20.035+09:00  INFO 12392 --- [nrs] [main] com.zaxxer.hikari.pool.HikariPool        : HikariPool-1 - Added connection com.mysql.cj.jdbc.ConnectionImpl@2e7af36e
2024-04-30T10:00:20.037+09:00  INFO 12392 --- [nrs] [main] com.zaxxer.hikari.HikariDataSource       : HikariPool-1 - Start completed.
2024-04-30T10:00:20.175+09:00  INFO 12392 --- [nrs] [main] o.s.b.a.w.s.WelcomePageHandlerMapping    : Adding welcome page template: index
2024-04-30T10:00:20.395+09:00  INFO 12392 --- [nrs] [main] o.s.b.w.embedded.tomcat.TomcatWebServer  : Tomcat started on port 8080 (http) with context path ''
2024-04-30T10:00:20.402+09:00  INFO 12392 --- [nrs] [main] com.example.nrs.NrsApplication           : Started NrsApplication in 1.665 seconds (process running for 2.174)
2024-04-30T10:00:27.156+09:00  INFO 12392 --- [nrs] [http-nio-8080-exec-1] o.a.c.c.C.[Tomcat].[localhost].[/]       : Initializing Spring DispatcherServlet 'dispatcherServlet'
2024-04-30T10:00:27.157+09:00  INFO 12392 --- [nrs] [http-nio-8080-exec-1] o.s.web.servlet.DispatcherServlet        : Initializing Servlet 'dispatcherServlet'
2024-04-30T10:00:27.157+09:00  INFO 12392 --- [nrs] [http-nio-8080-exec-1] o.s.web.servlet.DispatcherServlet        : Completed initialization in 0 ms
2024-04-30T13:32:55.634+09:00  WARN 12392 --- [nrs] [HikariPool-1 housekeeper] com.zaxxer.hikari.pool.HikariPool        : HikariPool-1 - Thread starvation or clock leap detected (housekeeper delta=2h26m34s509ms937µs800ns).
2024-04-30T14:01:04.071+09:00  INFO 12392 --- [nrs] [RMI TCP Connection(108)-127.0.0.1] inMXBeanRegistrar$SpringApplicationAdmin : Application shutdown requested.
2024-04-30T14:01:04.088+09:00  INFO 12392 --- [nrs] [RMI TCP Connection(108)-127.0.0.1] com.zaxxer.hikari.HikariDataSource       : HikariPool-1 - Shutdown initiated...
2024-04-30T14:01:04.089+09:00  INFO 12392 --- [nrs] [RMI TCP Connection(108)-127.0.0.1] com.zaxxer.hikari.HikariDataSource       : HikariPool-1 - Shutdown completed.
